<?xml version="1.0" encoding="UTF-8"?>
<testsuite name="com.medilabo.patients.unit.PatientServiceTests" tests="1" skipped="0" failures="0" errors="0" timestamp="2024-02-05T10:50:53" hostname="DESKTOP-DQI6T39" time="0.013">
  <properties/>
  <testcase name="contextLoads()" classname="com.medilabo.patients.unit.PatientServiceTests" time="0.013"/>
  <system-out><![CDATA[
  .   ____          _            __ _ _
 /\\ / ___'_ __ _ _(_)_ __  __ _ \ \ \ \
( ( )\___ | '_ | '_| | '_ \/ _` | \ \ \ \
 \\/  ___)| |_)| | | | | || (_| |  ) ) ) )
  '  |____| .__|_| |_|_| |_\__, | / / / /
 =========|_|==============|___/=/_/_/_/
 :: Spring Boot ::                (v3.2.2)

2024-02-05T11:50:53.595+01:00  WARN 16528 --- [    Test worker] ory$DuplicateJsonObjectContextCustomizer : 

Found multiple occurrences of org.json.JSONObject on the class path:

	jar:file:/C:/Users/simon/.gradle/caches/modules-2/files-2.1/org.json/json/20231013/e22e0c040fe16f04ffdb85d851d77b07fc05ea52/json-20231013.jar!/org/json/JSONObject.class
	jar:file:/C:/Users/simon/.gradle/caches/modules-2/files-2.1/com.vaadin.external.google/android-json/0.0.20131108.vaadin1/fa26d351fe62a6a17f5cda1287c1c6110dec413f/android-json-0.0.20131108.vaadin1.jar!/org/json/JSONObject.class

You may wish to exclude one of them to ensure predictable runtime behavior

2024-02-05T11:50:53.597+01:00  INFO 16528 --- [    Test worker] c.m.patients.unit.PatientServiceTests    : Starting PatientServiceTests using Java 17.0.7 with PID 16528 (started by simon in C:\Users\simon\Documents\OpenClassrooms\Projets\09 Développez une solution en microservices pour votre client\Microservices\OC_DA_JAVA_P9_Patient\patients)
2024-02-05T11:50:53.599+01:00  INFO 16528 --- [    Test worker] c.m.patients.unit.PatientServiceTests    : No active profile set, falling back to 1 default profile: "default"
2024-02-05T11:50:53.906+01:00  INFO 16528 --- [    Test worker] c.m.patients.unit.PatientServiceTests    : Started PatientServiceTests in 0.355 seconds (process running for 9.11)
]]></system-out>
  <system-err><![CDATA[]]></system-err>
</testsuite>
