<?xml version="1.0" encoding="UTF-8"?>
<testsuite name="com.medilabo.patients.unit.PatientsApplicationTests" tests="1" skipped="0" failures="0" errors="0" timestamp="2024-02-14T11:39:47" hostname="DESKTOP-DQI6T39" time="0.002">
  <properties/>
  <testcase name="contextLoads()" classname="com.medilabo.patients.unit.PatientsApplicationTests" time="0.002"/>
  <system-out><![CDATA[2024-02-14T12:39:46.507+01:00  INFO 1696 --- [    Test worker] t.c.s.AnnotationConfigContextLoaderUtils : Could not detect default configuration classes for test class [com.medilabo.patients.unit.PatientsApplicationTests]: PatientsApplicationTests does not declare any static, non-private, non-final, nested classes annotated with @Configuration.
2024-02-14T12:39:46.534+01:00  INFO 1696 --- [    Test worker] .b.t.c.SpringBootTestContextBootstrapper : Found @SpringBootConfiguration com.medilabo.patients.PatientsApplication for test class com.medilabo.patients.unit.PatientsApplicationTests

  .   ____          _            __ _ _
 /\\ / ___'_ __ _ _(_)_ __  __ _ \ \ \ \
( ( )\___ | '_ | '_| | '_ \/ _` | \ \ \ \
 \\/  ___)| |_)| | | | | || (_| |  ) ) ) )
  '  |____| .__|_| |_|_| |_\__, | / / / /
 =========|_|==============|___/=/_/_/_/
 :: Spring Boot ::                (v3.2.2)

2024-02-14T12:39:46.574+01:00  WARN 1696 --- [    Test worker] ory$DuplicateJsonObjectContextCustomizer : 

Found multiple occurrences of org.json.JSONObject on the class path:

	jar:file:/C:/Users/simon/.gradle/caches/modules-2/files-2.1/org.json/json/20231013/e22e0c040fe16f04ffdb85d851d77b07fc05ea52/json-20231013.jar!/org/json/JSONObject.class
	jar:file:/C:/Users/simon/.gradle/caches/modules-2/files-2.1/com.vaadin.external.google/android-json/0.0.20131108.vaadin1/fa26d351fe62a6a17f5cda1287c1c6110dec413f/android-json-0.0.20131108.vaadin1.jar!/org/json/JSONObject.class

You may wish to exclude one of them to ensure predictable runtime behavior

2024-02-14T12:39:46.575+01:00  INFO 1696 --- [    Test worker] c.m.p.unit.PatientsApplicationTests      : Starting PatientsApplicationTests using Java 17.0.7 with PID 1696 (started by simon in C:\Users\simon\Documents\OpenClassrooms\Projets\09 Développez une solution en microservices pour votre client\Microservices\OC_DA_JAVA_P9_Patient\patients)
2024-02-14T12:39:46.576+01:00  INFO 1696 --- [    Test worker] c.m.p.unit.PatientsApplicationTests      : No active profile set, falling back to 1 default profile: "default"
2024-02-14T12:39:46.956+01:00  INFO 1696 --- [    Test worker] .s.d.r.c.RepositoryConfigurationDelegate : Multiple Spring Data modules found, entering strict repository configuration mode
2024-02-14T12:39:46.956+01:00  INFO 1696 --- [    Test worker] .s.d.r.c.RepositoryConfigurationDelegate : Bootstrapping Spring Data JDBC repositories in DEFAULT mode.
2024-02-14T12:39:46.963+01:00  INFO 1696 --- [    Test worker] .RepositoryConfigurationExtensionSupport : Spring Data JDBC - Could not safely identify store assignment for repository candidate interface com.medilabo.patients.repository.PatientRepository; If you want this repository to be a JDBC repository, consider annotating your entities with one of these annotations: org.springframework.data.relational.core.mapping.Table.
2024-02-14T12:39:46.963+01:00  INFO 1696 --- [    Test worker] .s.d.r.c.RepositoryConfigurationDelegate : Finished Spring Data repository scanning in 6 ms. Found 0 JDBC repository interfaces.
2024-02-14T12:39:46.969+01:00  INFO 1696 --- [    Test worker] .s.d.r.c.RepositoryConfigurationDelegate : Multiple Spring Data modules found, entering strict repository configuration mode
2024-02-14T12:39:46.969+01:00  INFO 1696 --- [    Test worker] .s.d.r.c.RepositoryConfigurationDelegate : Bootstrapping Spring Data JPA repositories in DEFAULT mode.
2024-02-14T12:39:46.981+01:00  INFO 1696 --- [    Test worker] .s.d.r.c.RepositoryConfigurationDelegate : Finished Spring Data repository scanning in 10 ms. Found 1 JPA repository interface.
2024-02-14T12:39:47.167+01:00  INFO 1696 --- [    Test worker] o.hibernate.jpa.internal.util.LogHelper  : HHH000204: Processing PersistenceUnitInfo [name: default]
2024-02-14T12:39:47.173+01:00  INFO 1696 --- [    Test worker] o.h.c.internal.RegionFactoryInitiator    : HHH000026: Second-level cache disabled
2024-02-14T12:39:47.181+01:00  INFO 1696 --- [    Test worker] o.s.o.j.p.SpringPersistenceUnitInfo      : No LoadTimeWeaver setup: ignoring JPA class transformer
2024-02-14T12:39:47.184+01:00  INFO 1696 --- [    Test worker] com.zaxxer.hikari.HikariDataSource       : HikariPool-2 - Starting...
2024-02-14T12:39:47.184+01:00  WARN 1696 --- [    Test worker] c.zaxxer.hikari.util.DriverDataSource    : Registered driver with driverClassName=com.mysql.jdbc.Driver was not found, trying direct instantiation.
2024-02-14T12:39:47.227+01:00  INFO 1696 --- [    Test worker] com.zaxxer.hikari.pool.HikariPool        : HikariPool-2 - Added connection com.mysql.cj.jdbc.ConnectionImpl@11fd6f02
2024-02-14T12:39:47.228+01:00  INFO 1696 --- [    Test worker] com.zaxxer.hikari.HikariDataSource       : HikariPool-2 - Start completed.
2024-02-14T12:39:47.278+01:00  INFO 1696 --- [    Test worker] o.h.e.t.j.p.i.JtaPlatformInitiator       : HHH000489: No JTA platform available (set 'hibernate.transaction.jta.platform' to enable JTA platform integration)
2024-02-14T12:39:47.291+01:00  INFO 1696 --- [    Test worker] j.LocalContainerEntityManagerFactoryBean : Initialized JPA EntityManagerFactory for persistence unit 'default'
2024-02-14T12:39:47.434+01:00  WARN 1696 --- [    Test worker] JpaBaseConfiguration$JpaWebConfiguration : spring.jpa.open-in-view is enabled by default. Therefore, database queries may be performed during view rendering. Explicitly configure spring.jpa.open-in-view to disable this warning
2024-02-14T12:39:47.659+01:00  INFO 1696 --- [    Test worker] c.m.p.unit.PatientsApplicationTests      : Started PatientsApplicationTests in 1.121 seconds (process running for 11.19)
]]></system-out>
  <system-err><![CDATA[]]></system-err>
</testsuite>
