<?xml version="1.0" encoding="UTF-8"?>
<testsuite name="com.medilabo.patients.unit.PatientServiceTests" tests="1" skipped="0" failures="0" errors="0" timestamp="2024-02-06T12:19:15" hostname="DESKTOP-DQI6T39" time="0.009">
  <properties/>
  <testcase name="contextLoads()" classname="com.medilabo.patients.unit.PatientServiceTests" time="0.009"/>
  <system-out><![CDATA[
  .   ____          _            __ _ _
 /\\ / ___'_ __ _ _(_)_ __  __ _ \ \ \ \
( ( )\___ | '_ | '_| | '_ \/ _` | \ \ \ \
 \\/  ___)| |_)| | | | | || (_| |  ) ) ) )
  '  |____| .__|_| |_|_| |_\__, | / / / /
 =========|_|==============|___/=/_/_/_/
 :: Spring Boot ::                (v3.2.2)

2024-02-06T13:19:15.030+01:00  WARN 13828 --- [    Test worker] ory$DuplicateJsonObjectContextCustomizer : 

Found multiple occurrences of org.json.JSONObject on the class path:

	jar:file:/C:/Users/simon/.gradle/caches/modules-2/files-2.1/org.json/json/20231013/e22e0c040fe16f04ffdb85d851d77b07fc05ea52/json-20231013.jar!/org/json/JSONObject.class
	jar:file:/C:/Users/simon/.gradle/caches/modules-2/files-2.1/com.vaadin.external.google/android-json/0.0.20131108.vaadin1/fa26d351fe62a6a17f5cda1287c1c6110dec413f/android-json-0.0.20131108.vaadin1.jar!/org/json/JSONObject.class

You may wish to exclude one of them to ensure predictable runtime behavior

2024-02-06T13:19:15.032+01:00  INFO 13828 --- [    Test worker] c.m.patients.unit.PatientServiceTests    : Starting PatientServiceTests using Java 17.0.7 with PID 13828 (started by simon in C:\Users\simon\Documents\OpenClassrooms\Projets\09 Développez une solution en microservices pour votre client\Microservices\OC_DA_JAVA_P9_Patient\patients)
2024-02-06T13:19:15.033+01:00  INFO 13828 --- [    Test worker] c.m.patients.unit.PatientServiceTests    : No active profile set, falling back to 1 default profile: "default"
2024-02-06T13:19:15.140+01:00  INFO 13828 --- [    Test worker] c.m.patients.unit.PatientServiceTests    : Started PatientServiceTests in 0.156 seconds (process running for 9.557)
]]></system-out>
  <system-err><![CDATA[]]></system-err>
</testsuite>
