<?xml version="1.0" encoding="UTF-8"?>
<testsuite name="com.medilabo.patients.PatientTests" tests="1" skipped="0" failures="0" errors="0" timestamp="2024-01-24T16:44:18" hostname="DESKTOP-DQI6T39" time="0.003">
  <properties/>
  <testcase name="contextLoads()" classname="com.medilabo.patients.PatientTests" time="0.003"/>
  <system-out><![CDATA[
  .   ____          _            __ _ _
 /\\ / ___'_ __ _ _(_)_ __  __ _ \ \ \ \
( ( )\___ | '_ | '_| | '_ \/ _` | \ \ \ \
 \\/  ___)| |_)| | | | | || (_| |  ) ) ) )
  '  |____| .__|_| |_|_| |_\__, | / / / /
 =========|_|==============|___/=/_/_/_/
 :: Spring Boot ::                (v3.2.2)

2024-01-24T17:44:18.654+01:00  WARN 12908 --- [    Test worker] ory$DuplicateJsonObjectContextCustomizer : 

Found multiple occurrences of org.json.JSONObject on the class path:

	jar:file:/C:/Users/simon/.gradle/caches/modules-2/files-2.1/org.json/json/20210307/528c8df3757e8bcf151817b1d7b9b434f6aa08d5/json-20210307.jar!/org/json/JSONObject.class
	jar:file:/C:/Users/simon/.gradle/caches/modules-2/files-2.1/com.vaadin.external.google/android-json/0.0.20131108.vaadin1/fa26d351fe62a6a17f5cda1287c1c6110dec413f/android-json-0.0.20131108.vaadin1.jar!/org/json/JSONObject.class

You may wish to exclude one of them to ensure predictable runtime behavior

2024-01-24T17:44:18.662+01:00  INFO 12908 --- [    Test worker] com.medilabo.patients.PatientTests       : Starting PatientTests using Java 17.0.7 with PID 12908 (started by simon in C:\Users\simon\Documents\OpenClassrooms\Projets\09 Développez une solution en microservices pour votre client\Microservices\patients\patients)
2024-01-24T17:44:18.662+01:00  INFO 12908 --- [    Test worker] com.medilabo.patients.PatientTests       : No active profile set, falling back to 1 default profile: "default"
2024-01-24T17:44:18.689+01:00  INFO 12908 --- [    Test worker] com.medilabo.patients.PatientTests       : Started PatientTests in 0.093 seconds (process running for 3.79)
]]></system-out>
  <system-err><![CDATA[]]></system-err>
</testsuite>
