<?xml version="1.0" encoding="UTF-8"?>
<testsuite name="com.medilabo.patients.UnitTests.PatientControllerTests" tests="1" skipped="0" failures="0" errors="0" timestamp="2024-01-26T14:37:30" hostname="DESKTOP-DQI6T39" time="0.112">
  <properties/>
  <testcase name="contextLoads()" classname="com.medilabo.patients.UnitTests.PatientControllerTests" time="0.112"/>
  <system-out><![CDATA[
  .   ____          _            __ _ _
 /\\ / ___'_ __ _ _(_)_ __  __ _ \ \ \ \
( ( )\___ | '_ | '_| | '_ \/ _` | \ \ \ \
 \\/  ___)| |_)| | | | | || (_| |  ) ) ) )
  '  |____| .__|_| |_|_| |_\__, | / / / /
 =========|_|==============|___/=/_/_/_/
 :: Spring Boot ::                (v3.2.2)

2024-01-26T15:37:28.410+01:00  WARN 18080 --- [    Test worker] ory$DuplicateJsonObjectContextCustomizer : 

Found multiple occurrences of org.json.JSONObject on the class path:

	jar:file:/C:/Users/simon/.gradle/caches/modules-2/files-2.1/org.json/json/20210307/528c8df3757e8bcf151817b1d7b9b434f6aa08d5/json-20210307.jar!/org/json/JSONObject.class
	jar:file:/C:/Users/simon/.gradle/caches/modules-2/files-2.1/com.vaadin.external.google/android-json/0.0.20131108.vaadin1/fa26d351fe62a6a17f5cda1287c1c6110dec413f/android-json-0.0.20131108.vaadin1.jar!/org/json/JSONObject.class

You may wish to exclude one of them to ensure predictable runtime behavior

2024-01-26T15:37:28.439+01:00  INFO 18080 --- [    Test worker] c.m.p.UnitTests.PatientControllerTests   : Starting PatientControllerTests using Java 17.0.7 with PID 18080 (started by simon in C:\Users\simon\Documents\OpenClassrooms\Projets\09 Développez une solution en microservices pour votre client\Microservices\OC_DA_JAVA_P9_Patient\patients)
2024-01-26T15:37:28.440+01:00  INFO 18080 --- [    Test worker] c.m.p.UnitTests.PatientControllerTests   : No active profile set, falling back to 1 default profile: "default"
2024-01-26T15:37:30.686+01:00  INFO 18080 --- [    Test worker] c.m.p.UnitTests.PatientControllerTests   : Started PatientControllerTests in 2.692 seconds (process running for 4.698)
]]></system-out>
  <system-err><![CDATA[]]></system-err>
</testsuite>
