<?xml version="1.0" encoding="UTF-8"?>
<testsuite name="com.medilabo.patients.PatientsApplicationTests" tests="1" skipped="0" failures="0" errors="0" timestamp="2024-01-24T16:44:24" hostname="DESKTOP-DQI6T39" time="0.009">
  <properties/>
  <testcase name="contextLoads()" classname="com.medilabo.patients.PatientsApplicationTests" time="0.009"/>
  <system-out><![CDATA[2024-01-24T17:44:19.367+01:00  INFO 12908 --- [    Test worker] t.c.s.AnnotationConfigContextLoaderUtils : Could not detect default configuration classes for test class [com.medilabo.patients.PatientsApplicationTests]: PatientsApplicationTests does not declare any static, non-private, non-final, nested classes annotated with @Configuration.
2024-01-24T17:44:19.460+01:00  INFO 12908 --- [    Test worker] .b.t.c.SpringBootTestContextBootstrapper : Found @SpringBootConfiguration com.medilabo.patients.PatientsApplication for test class com.medilabo.patients.PatientsApplicationTests

  .   ____          _            __ _ _
 /\\ / ___'_ __ _ _(_)_ __  __ _ \ \ \ \
( ( )\___ | '_ | '_| | '_ \/ _` | \ \ \ \
 \\/  ___)| |_)| | | | | || (_| |  ) ) ) )
  '  |____| .__|_| |_|_| |_\__, | / / / /
 =========|_|==============|___/=/_/_/_/
 :: Spring Boot ::                (v3.2.2)

2024-01-24T17:44:19.546+01:00  WARN 12908 --- [    Test worker] ory$DuplicateJsonObjectContextCustomizer : 

Found multiple occurrences of org.json.JSONObject on the class path:

	jar:file:/C:/Users/simon/.gradle/caches/modules-2/files-2.1/org.json/json/20210307/528c8df3757e8bcf151817b1d7b9b434f6aa08d5/json-20210307.jar!/org/json/JSONObject.class
	jar:file:/C:/Users/simon/.gradle/caches/modules-2/files-2.1/com.vaadin.external.google/android-json/0.0.20131108.vaadin1/fa26d351fe62a6a17f5cda1287c1c6110dec413f/android-json-0.0.20131108.vaadin1.jar!/org/json/JSONObject.class

You may wish to exclude one of them to ensure predictable runtime behavior

2024-01-24T17:44:19.550+01:00  INFO 12908 --- [    Test worker] c.m.patients.PatientsApplicationTests    : Starting PatientsApplicationTests using Java 17.0.7 with PID 12908 (started by simon in C:\Users\simon\Documents\OpenClassrooms\Projets\09 Développez une solution en microservices pour votre client\Microservices\patients\patients)
2024-01-24T17:44:19.551+01:00  INFO 12908 --- [    Test worker] c.m.patients.PatientsApplicationTests    : No active profile set, falling back to 1 default profile: "default"
2024-01-24T17:44:20.384+01:00  INFO 12908 --- [    Test worker] .s.d.r.c.RepositoryConfigurationDelegate : Multiple Spring Data modules found, entering strict repository configuration mode
2024-01-24T17:44:20.387+01:00  INFO 12908 --- [    Test worker] .s.d.r.c.RepositoryConfigurationDelegate : Bootstrapping Spring Data JDBC repositories in DEFAULT mode.
2024-01-24T17:44:20.416+01:00  INFO 12908 --- [    Test worker] .RepositoryConfigurationExtensionSupport : Spring Data JDBC - Could not safely identify store assignment for repository candidate interface com.medilabo.patients.repositories.PatientRepository; If you want this repository to be a JDBC repository, consider annotating your entities with one of these annotations: org.springframework.data.relational.core.mapping.Table.
2024-01-24T17:44:20.417+01:00  INFO 12908 --- [    Test worker] .s.d.r.c.RepositoryConfigurationDelegate : Finished Spring Data repository scanning in 23 ms. Found 0 JDBC repository interfaces.
2024-01-24T17:44:20.428+01:00  INFO 12908 --- [    Test worker] .s.d.r.c.RepositoryConfigurationDelegate : Multiple Spring Data modules found, entering strict repository configuration mode
2024-01-24T17:44:20.429+01:00  INFO 12908 --- [    Test worker] .s.d.r.c.RepositoryConfigurationDelegate : Bootstrapping Spring Data JPA repositories in DEFAULT mode.
2024-01-24T17:44:20.460+01:00  INFO 12908 --- [    Test worker] .s.d.r.c.RepositoryConfigurationDelegate : Finished Spring Data repository scanning in 25 ms. Found 1 JPA repository interface.
2024-01-24T17:44:20.942+01:00  INFO 12908 --- [    Test worker] com.zaxxer.hikari.HikariDataSource       : HikariPool-1 - Starting...
2024-01-24T17:44:20.948+01:00  WARN 12908 --- [    Test worker] c.zaxxer.hikari.util.DriverDataSource    : Registered driver with driverClassName=com.mysql.jdbc.Driver was not found, trying direct instantiation.
2024-01-24T17:44:21.277+01:00  INFO 12908 --- [    Test worker] com.zaxxer.hikari.pool.HikariPool        : HikariPool-1 - Added connection com.mysql.cj.jdbc.ConnectionImpl@15bb8ed5
2024-01-24T17:44:21.281+01:00  INFO 12908 --- [    Test worker] com.zaxxer.hikari.HikariDataSource       : HikariPool-1 - Start completed.
2024-01-24T17:44:21.332+01:00  INFO 12908 --- [    Test worker] o.hibernate.jpa.internal.util.LogHelper  : HHH000204: Processing PersistenceUnitInfo [name: default]
2024-01-24T17:44:21.424+01:00  INFO 12908 --- [    Test worker] org.hibernate.Version                    : HHH000412: Hibernate ORM core version 6.4.1.Final
2024-01-24T17:44:21.490+01:00  INFO 12908 --- [    Test worker] o.h.c.internal.RegionFactoryInitiator    : HHH000026: Second-level cache disabled
2024-01-24T17:44:21.885+01:00  INFO 12908 --- [    Test worker] o.s.o.j.p.SpringPersistenceUnitInfo      : No LoadTimeWeaver setup: ignoring JPA class transformer
2024-01-24T17:44:22.801+01:00  INFO 12908 --- [    Test worker] o.h.e.t.j.p.i.JtaPlatformInitiator       : HHH000489: No JTA platform available (set 'hibernate.transaction.jta.platform' to enable JTA platform integration)
2024-01-24T17:44:22.805+01:00  INFO 12908 --- [    Test worker] j.LocalContainerEntityManagerFactoryBean : Initialized JPA EntityManagerFactory for persistence unit 'default'
2024-01-24T17:44:23.108+01:00  WARN 12908 --- [    Test worker] JpaBaseConfiguration$JpaWebConfiguration : spring.jpa.open-in-view is enabled by default. Therefore, database queries may be performed during view rendering. Explicitly configure spring.jpa.open-in-view to disable this warning
2024-01-24T17:44:24.022+01:00  INFO 12908 --- [    Test worker] c.m.patients.PatientsApplicationTests    : Started PatientsApplicationTests in 4.554 seconds (process running for 9.123)
]]></system-out>
  <system-err><![CDATA[Loading class `com.mysql.jdbc.Driver'. This is deprecated. The new driver class is `com.mysql.cj.jdbc.Driver'. The driver is automatically registered via the SPI and manual loading of the driver class is generally unnecessary.
]]></system-err>
</testsuite>
